<?xml version="1.0" encoding="UTF-8"?>
<testng-results ignored="0" total="2" passed="1" failed="1" skipped="0">
  <reporter-output>
  </reporter-output>
  <suite started-at="2025-07-17T14:42:38 IST" name="Default suite" finished-at="2025-07-17T14:42:38 IST" duration-ms="62">
    <groups>
    </groups>
    <test started-at="2025-07-17T14:42:38 IST" name="Default test" finished-at="2025-07-17T14:42:38 IST" duration-ms="62">
      <class name="UsingListeners.Using_Listeners">
        <test-method is-config="true" signature="bs()[pri:0, instance:UsingListeners.Using_Listeners@bcec361]" started-at="2025-07-17T14:42:38 IST" name="bs" finished-at="2025-07-17T14:42:38 IST" duration-ms="8" status="PASS">
          <reporter-output>
          </reporter-output>
        </test-method> <!-- bs -->
        <test-method is-config="true" signature="bt()[pri:0, instance:UsingListeners.Using_Listeners@bcec361]" started-at="2025-07-17T14:42:38 IST" name="bt" finished-at="2025-07-17T14:42:38 IST" duration-ms="0" status="PASS">
          <reporter-output>
          </reporter-output>
        </test-method> <!-- bt -->
        <test-method is-config="true" signature="bc()[pri:0, instance:UsingListeners.Using_Listeners@bcec361]" started-at="2025-07-17T14:42:38 IST" name="bc" finished-at="2025-07-17T14:42:38 IST" duration-ms="1" status="PASS">
          <reporter-output>
          </reporter-output>
        </test-method> <!-- bc -->
        <test-method is-config="true" signature="bm()[pri:0, instance:UsingListeners.Using_Listeners@bcec361]" started-at="2025-07-17T14:42:38 IST" name="bm" finished-at="2025-07-17T14:42:38 IST" duration-ms="0" status="PASS">
          <reporter-output>
          </reporter-output>
        </test-method> <!-- bm -->
        <test-method signature="demo()[pri:0, instance:UsingListeners.Using_Listeners@bcec361]" started-at="2025-07-17T14:42:38 IST" name="demo" finished-at="2025-07-17T14:42:38 IST" duration-ms="8" status="FAIL">
          <exception class="java.lang.AssertionError">
            <message>
              <![CDATA[null]]>
            </message>
            <full-stacktrace>
              <![CDATA[java.lang.AssertionError: null
at org.testng.Assert.fail(Assert.java:111)
at org.testng.Assert.fail(Assert.java:116)
at UsingListeners.Using_Listeners.demo(Using_Listeners.java:16)
at java.base/jdk.internal.reflect.DirectMethodHandleAccessor.invoke(DirectMethodHandleAccessor.java:103)
at java.base/java.lang.reflect.Method.invoke(Method.java:580)
at org.testng.internal.invokers.MethodInvocationHelper.invokeMethod(MethodInvocationHelper.java:141)
at org.testng.internal.invokers.TestInvoker.invokeMethod(TestInvoker.java:687)
at org.testng.internal.invokers.TestInvoker.invokeTestMethod(TestInvoker.java:230)
at org.testng.internal.invokers.MethodRunner.runInSequence(MethodRunner.java:63)
at org.testng.internal.invokers.TestInvoker$MethodInvocationAgent.invoke(TestInvoker.java:995)
at org.testng.internal.invokers.TestInvoker.invokeTestMethods(TestInvoker.java:203)
at org.testng.internal.invokers.TestMethodWorker.invokeTestMethods(TestMethodWorker.java:154)
at org.testng.internal.invokers.TestMethodWorker.run(TestMethodWorker.java:134)
at java.base/java.util.ArrayList.forEach(ArrayList.java:1596)
at org.testng.TestRunner.privateRun(TestRunner.java:741)
at org.testng.TestRunner.run(TestRunner.java:616)
at org.testng.SuiteRunner.runTest(SuiteRunner.java:421)
at org.testng.SuiteRunner.runSequentially(SuiteRunner.java:413)
at org.testng.SuiteRunner.privateRun(SuiteRunner.java:373)
at org.testng.SuiteRunner.run(SuiteRunner.java:312)
at org.testng.SuiteRunnerWorker.runSuite(SuiteRunnerWorker.java:52)
at org.testng.SuiteRunnerWorker.run(SuiteRunnerWorker.java:95)
at org.testng.TestNG.runSuitesSequentially(TestNG.java:1274)
at org.testng.TestNG.runSuitesLocally(TestNG.java:1208)
at org.testng.TestNG.runSuites(TestNG.java:1112)
at org.testng.TestNG.run(TestNG.java:1079)
at org.testng.remote.AbstractRemoteTestNG.run(AbstractRemoteTestNG.java:115)
at org.testng.remote.RemoteTestNG.initAndRun(RemoteTestNG.java:293)
at org.testng.remote.RemoteTestNG.main(RemoteTestNG.java:91)
]]>
            </full-stacktrace>
          </exception> <!-- java.lang.AssertionError -->
          <reporter-output>
          </reporter-output>
        </test-method> <!-- demo -->
        <test-method is-config="true" signature="am()[pri:0, instance:UsingListeners.Using_Listeners@bcec361]" started-at="2025-07-17T14:42:38 IST" name="am" finished-at="2025-07-17T14:42:38 IST" duration-ms="1" status="PASS">
          <reporter-output>
          </reporter-output>
        </test-method> <!-- am -->
        <test-method is-config="true" signature="bm()[pri:0, instance:UsingListeners.Using_Listeners@bcec361]" started-at="2025-07-17T14:42:38 IST" name="bm" finished-at="2025-07-17T14:42:38 IST" duration-ms="1" status="PASS">
          <reporter-output>
          </reporter-output>
        </test-method> <!-- bm -->
        <test-method signature="demo2()[pri:0, instance:UsingListeners.Using_Listeners@bcec361]" started-at="2025-07-17T14:42:38 IST" name="demo2" finished-at="2025-07-17T14:42:38 IST" duration-ms="4" status="PASS">
          <reporter-output>
          </reporter-output>
        </test-method> <!-- demo2 -->
        <test-method is-config="true" signature="am()[pri:0, instance:UsingListeners.Using_Listeners@bcec361]" started-at="2025-07-17T14:42:38 IST" name="am" finished-at="2025-07-17T14:42:38 IST" duration-ms="0" status="PASS">
          <reporter-output>
          </reporter-output>
        </test-method> <!-- am -->
        <test-method is-config="true" signature="ac()[pri:0, instance:UsingListeners.Using_Listeners@bcec361]" started-at="2025-07-17T14:42:38 IST" name="ac" finished-at="2025-07-17T14:42:38 IST" duration-ms="1" status="PASS">
          <reporter-output>
          </reporter-output>
        </test-method> <!-- ac -->
        <test-method is-config="true" signature="at()[pri:0, instance:UsingListeners.Using_Listeners@bcec361]" started-at="2025-07-17T14:42:38 IST" name="at" finished-at="2025-07-17T14:42:38 IST" duration-ms="1" status="PASS">
          <reporter-output>
          </reporter-output>
        </test-method> <!-- at -->
        <test-method is-config="true" signature="as()[pri:0, instance:UsingListeners.Using_Listeners@bcec361]" started-at="2025-07-17T14:42:38 IST" name="as" finished-at="2025-07-17T14:42:38 IST" duration-ms="1" status="PASS">
          <reporter-output>
          </reporter-output>
        </test-method> <!-- as -->
      </class> <!-- UsingListeners.Using_Listeners -->
    </test> <!-- Default test -->
  </suite> <!-- Default suite -->
</testng-results>
